2021.09.12 05:08:38 INFO  web[][o.s.p.ProcessEntryPoint] Starting web
2021.09.12 05:08:38 INFO  web[][o.a.t.u.n.NioSelectorPool] Using a shared selector for servlet write/read
2021.09.12 05:08:39 INFO  web[][o.s.s.e.EsClientProvider] Connected to local Elasticsearch: [http://localhost:9001]
2021.09.12 05:08:39 INFO  web[][o.s.s.p.LogServerVersion] SonarQube Server / 9.0.1.46107 / d32acdb9a65112f50702ab8f09521c7ebe80ead0
2021.09.12 05:08:39 INFO  web[][o.sonar.db.Database] Create JDBC data source for jdbc:postgresql://db:5432/sonar
2021.09.12 05:08:40 INFO  web[][o.s.s.p.ServerFileSystemImpl] SonarQube home: /opt/sonarqube
2021.09.12 05:08:40 INFO  web[][o.s.s.u.SystemPasscodeImpl] System authentication by passcode is disabled
2021.09.12 05:08:41 INFO  web[][o.s.s.p.d.m.h.MigrationHistoryTableImpl] Creating table schema_migrations
2021.09.12 05:08:41 INFO  web[][o.s.s.p.ServerPluginManager] Deploy plugin C# Code Quality and Security / 8.25.0.33663 / b0179674e9c2f72aae6c02a9a432a7b16b9dfef9
2021.09.12 05:08:41 INFO  web[][o.s.s.p.ServerPluginManager] Deploy plugin CSS Code Quality and Security / 1.4.2.2002 / faa7d4f1407df67df7ada53caf677ab783721173
2021.09.12 05:08:41 INFO  web[][o.s.s.p.ServerPluginManager] Deploy plugin Flex Code Quality and Security / 2.6.2.2641 / 11f07506915923b3a0e39e4e34280644c035b925
2021.09.12 05:08:41 INFO  web[][o.s.s.p.ServerPluginManager] Deploy plugin Go Code Quality and Security / 1.8.3.2219 / d6ad7a5a47fc4785d2e80918fb7424be46e38a7f
2021.09.12 05:08:41 INFO  web[][o.s.s.p.ServerPluginManager] Deploy plugin HTML Code Quality and Security / 3.4.0.2754 / 38f7ff864ae15152c9f1efc3014594f7e7ca7b6e
2021.09.12 05:08:41 INFO  web[][o.s.s.p.ServerPluginManager] Deploy plugin JaCoCo / 1.1.1.1157 / 83478572b9f23efac29de15e30c7758bbb0c0e47
2021.09.12 05:08:41 INFO  web[][o.s.s.p.ServerPluginManager] Deploy plugin Java Code Quality and Security / 7.1.0.26670 / 443133205a173cc74f55c04cc3d5d8a25644538c
2021.09.12 05:08:41 INFO  web[][o.s.s.p.ServerPluginManager] Deploy plugin JavaScript/TypeScript Code Quality and Security / 8.1.0.15788 / 5f6b8aa5acbb10db6a8852860755314fb1532449
2021.09.12 05:08:41 INFO  web[][o.s.s.p.ServerPluginManager] Deploy plugin Kotlin Code Quality and Security / 2.0.1.110 / 484b3faa8cbcada38d017045d7faf5438e0b5395
2021.09.12 05:08:41 INFO  web[][o.s.s.p.ServerPluginManager] Deploy plugin PHP Code Quality and Security / 3.17.0.7439 / 44c7760147080c157fa0ff579772f92d3c8e1ebf
2021.09.12 05:08:41 INFO  web[][o.s.s.p.ServerPluginManager] Deploy plugin Python Code Quality and Security / 3.5.0.8244 / 7992d2ad600835c9c1a3533f2ede108288e1a1e5
2021.09.12 05:08:41 INFO  web[][o.s.s.p.ServerPluginManager] Deploy plugin Ruby Code Quality and Security / 1.8.3.2219 / d6ad7a5a47fc4785d2e80918fb7424be46e38a7f
2021.09.12 05:08:41 INFO  web[][o.s.s.p.ServerPluginManager] Deploy plugin Scala Code Quality and Security / 1.8.3.2219 / d6ad7a5a47fc4785d2e80918fb7424be46e38a7f
2021.09.12 05:08:41 INFO  web[][o.s.s.p.ServerPluginManager] Deploy plugin VB.NET Code Quality and Security / 8.25.0.33663 / b0179674e9c2f72aae6c02a9a432a7b16b9dfef9
2021.09.12 05:08:41 INFO  web[][o.s.s.p.ServerPluginManager] Deploy plugin XML Code Quality and Security / 2.2.0.2973 / 16002945f0725643a7b42f090572795dd8b72a0f
2021.09.12 05:09:06 INFO  web[][o.s.s.p.d.m.c.PostgresCharsetHandler] Verify that database charset supports UTF8
2021.09.12 05:09:06 INFO  web[][o.s.s.p.d.m.AutoDbMigration] Automatically perform DB migration on fresh install
2021.09.12 05:09:06 INFO  web[][DbMigrations] Executing DB migrations...
2021.09.12 05:09:06 INFO  web[][DbMigrations] #1 'Create initial schema'...
2021.09.12 05:09:08 INFO  web[][DbMigrations] #1 'Create initial schema': success | time=2099ms
2021.09.12 05:09:08 INFO  web[][DbMigrations] #2 'Populate initial schema'...
2021.09.12 05:09:08 INFO  web[][DbMigrations] #2 'Populate initial schema': success | time=318ms
2021.09.12 05:09:08 INFO  web[][DbMigrations] #5001 'Drop PK on 'uuid' for 'ce_activity' table'...
2021.09.12 05:09:08 INFO  web[][DbMigrations] #5001 'Drop PK on 'uuid' for 'ce_activity' table': success | time=32ms
2021.09.12 05:09:08 INFO  web[][DbMigrations] #5002 'Drop 'ce_activity_uuid' index'...
2021.09.12 05:09:08 INFO  web[][DbMigrations] #5002 'Drop 'ce_activity_uuid' index': success | time=22ms
2021.09.12 05:09:08 INFO  web[][DbMigrations] #5003 'Recreate PK on 'uuid' for 'ce_activity' table'...
2021.09.12 05:09:08 INFO  web[][DbMigrations] #5003 'Recreate PK on 'uuid' for 'ce_activity' table': success | time=14ms
2021.09.12 05:09:08 INFO  web[][DbMigrations] #5004 'Drop PK on 'uuid' for 'events' table'...
2021.09.12 05:09:08 INFO  web[][DbMigrations] #5004 'Drop PK on 'uuid' for 'events' table': success | time=11ms
2021.09.12 05:09:08 INFO  web[][DbMigrations] #5005 'Drop 'events_uuid' index'...
2021.09.12 05:09:08 INFO  web[][DbMigrations] #5005 'Drop 'events_uuid' index': success | time=6ms
2021.09.12 05:09:08 INFO  web[][DbMigrations] #5006 'Recreate PK on 'uuid' for 'events' table'...
2021.09.12 05:09:08 INFO  web[][DbMigrations] #5006 'Recreate PK on 'uuid' for 'events' table': success | time=12ms
2021.09.12 05:09:08 INFO  web[][DbMigrations] #5007 'Drop PK on 'kee' for 'issues' table'...
2021.09.12 05:09:08 INFO  web[][DbMigrations] #5007 'Drop PK on 'kee' for 'issues' table': success | time=14ms
2021.09.12 05:09:08 INFO  web[][DbMigrations] #5008 'Drop 'issues_kee' index'...
2021.09.12 05:09:08 INFO  web[][DbMigrations] #5008 'Drop 'issues_kee' index': success | time=7ms
2021.09.12 05:09:08 INFO  web[][DbMigrations] #5009 'Recreate PK on 'kee' for 'issues' table'...
2021.09.12 05:09:08 INFO  web[][DbMigrations] #5009 'Recreate PK on 'kee' for 'issues' table': success | time=12ms
2021.09.12 05:09:08 INFO  web[][DbMigrations] #5010 'Drop PK on 'kee' for 'snapshots' table'...
2021.09.12 05:09:08 INFO  web[][DbMigrations] #5010 'Drop PK on 'kee' for 'snapshots' table': success | time=12ms
2021.09.12 05:09:08 INFO  web[][DbMigrations] #5011 'Drop 'analyses_uuid' index'...
2021.09.12 05:09:08 INFO  web[][DbMigrations] #5011 'Drop 'analyses_uuid' index': success | time=8ms
2021.09.12 05:09:08 INFO  web[][DbMigrations] #5012 'Recreate PK on 'kee' for 'snapshots' table'...
2021.09.12 05:09:09 INFO  web[][DbMigrations] #5012 'Recreate PK on 'kee' for 'snapshots' table': success | time=12ms
2021.09.12 05:09:09 INFO  web[][DbMigrations] Executed DB migrations: success | time=2595ms
2021.09.12 05:09:09 INFO  web[][o.s.s.p.Platform] Database has been automatically updated
2021.09.12 05:09:09 INFO  web[][o.s.s.p.w.MasterServletFilter] Initializing servlet filter org.sonar.server.platform.web.WebServiceFilter@10311e46 [pattern=UrlPattern{inclusions=[/api/system/migrate_db.*, ...], exclusions=[/api/components/update_key, ...]}]
2021.09.12 05:09:09 INFO  web[][o.s.s.a.EmbeddedTomcat] HTTP connector enabled on port 9000
2021.09.12 05:09:09 INFO  web[][o.s.s.p.UpdateCenterClient] Update center: https://update.sonarsource.org/update-center.properties (no proxy)
2021.09.12 05:09:10 INFO  web[][o.s.s.e.IndexCreator] Create index [metadatas]
2021.09.12 05:09:11 INFO  web[][o.s.s.e.IndexCreator] Create type metadatas/metadata
2021.09.12 05:09:12 INFO  web[][o.s.s.e.IndexCreator] Create index [components]
2021.09.12 05:09:13 INFO  web[][o.s.s.e.IndexCreator] Create type components/auth
2021.09.12 05:09:14 INFO  web[][o.s.s.e.IndexCreator] Create index [projectmeasures]
2021.09.12 05:09:15 INFO  web[][o.s.s.e.IndexCreator] Create type projectmeasures/auth
2021.09.12 05:09:16 INFO  web[][o.s.s.e.IndexCreator] Create index [rules]
2021.09.12 05:09:17 INFO  web[][o.s.s.e.IndexCreator] Create type rules/rule
2021.09.12 05:09:17 INFO  web[][o.s.s.e.IndexCreator] Create index [issues]
2021.09.12 05:09:19 INFO  web[][o.s.s.e.IndexCreator] Create type issues/auth
2021.09.12 05:09:19 INFO  web[][o.s.s.e.IndexCreator] Create index [users]
2021.09.12 05:09:20 INFO  web[][o.s.s.e.IndexCreator] Create type users/user
2021.09.12 05:09:20 INFO  web[][o.s.s.e.IndexCreator] Create index [views]
2021.09.12 05:09:22 INFO  web[][o.s.s.e.IndexCreator] Create type views/view
2021.09.12 05:09:22 INFO  web[][o.s.s.s.LogServerId] Server ID: 243B8A4D-AXvYaMFvr_SCI6zfmzGI
2021.09.12 05:09:22 WARN  web[][o.s.s.a.LogOAuthWarning] For security reasons, OAuth authentication should use HTTPS. You should set the property 'Administration > Configuration > Server base URL' to a HTTPS URL.
2021.09.12 05:09:23 WARN  web[][o.s.a.s.w.WebService$Action] The response example is not set on action api/plugins/download
2021.09.12 05:09:23 WARN  web[][o.s.a.s.w.WebService$Action] The response example is not set on action api/permissions/search_templates
2021.09.12 05:09:23 WARN  web[][o.s.a.s.w.WebService$Action] The response example is not set on action api/alm_integrations/list_bitbucketserver_projects
2021.09.12 05:09:23 WARN  web[][o.s.a.s.w.WebService$Action] The response example is not set on action api/alm_integrations/search_bitbucketcloud_repos
2021.09.12 05:09:23 WARN  web[][o.s.a.s.w.WebService$Action] The response example is not set on action api/alm_integrations/check_pat
2021.09.12 05:09:23 WARN  web[][o.s.a.s.w.WebService$Action] The response example is not set on action api/alm_integrations/list_azure_projects
2021.09.12 05:09:23 WARN  web[][o.s.a.s.w.WebService$Action] The response example is not set on action api/alm_integrations/search_bitbucketserver_repos
2021.09.12 05:09:23 WARN  web[][o.s.a.s.w.WebService$Action] The response example is not set on action api/alm_integrations/search_azure_repos
2021.09.12 05:09:23 WARN  web[][o.s.a.s.w.WebService$Action] The response example is not set on action api/alm_integrations/list_github_organizations
2021.09.12 05:09:23 WARN  web[][o.s.a.s.w.WebService$Action] The response example is not set on action api/alm_integrations/list_github_repositories
2021.09.12 05:09:23 WARN  web[][o.s.a.s.w.WebService$Action] The response example is not set on action api/alm_integrations/get_github_client_id
2021.09.12 05:09:23 WARN  web[][o.s.a.s.w.WebService$Action] The response example is not set on action api/alm_settings/get_binding
2021.09.12 05:09:23 WARN  web[][o.s.a.s.w.WebService$Action] The response example is not set on action api/alm_settings/list
2021.09.12 05:09:23 WARN  web[][o.s.a.s.w.WebService$Action] The response example is not set on action api/alm_settings/list_definitions
2021.09.12 05:09:23 WARN  web[][o.s.a.s.w.WebService$Action] The response example is not set on action api/alm_settings/count_binding
2021.09.12 05:09:23 WARN  web[][o.s.a.s.w.WebService$Action] The response example is not set on action api/alm_settings/validate
2021.09.12 05:09:23 INFO  web[][o.s.s.t.TelemetryDaemon] Sharing of SonarQube statistics is enabled.
2021.09.12 05:09:23 INFO  web[][o.s.s.n.NotificationDaemon] Notification service started (delay 60 sec.)
2021.09.12 05:09:23 INFO  web[][o.s.s.a.p.ExpiredSessionsCleaner] Purge of expired session tokens has removed 0 elements
2021.09.12 05:09:23 INFO  web[][o.s.s.a.p.ExpiredSessionsCleaner] Purge of expired SAML message ids has removed 0 elements
2021.09.12 05:09:23 INFO  web[][o.s.s.s.GeneratePluginIndex] Generate scanner plugin index
2021.09.12 05:09:23 INFO  web[][o.s.s.s.RegisterPlugins] Register plugins
2021.09.12 05:09:23 INFO  web[][o.s.s.s.RegisterMetrics] Register metrics
2021.09.12 05:09:23 INFO  web[][o.s.s.q.RegisterQualityGates] Built-in quality gate's conditions of [Sonar way] has been updated
2021.09.12 05:09:23 INFO  web[][o.s.s.r.RegisterRules] Register rules
2021.09.12 05:09:37 INFO  web[][o.s.s.q.BuiltInQProfileRepositoryImpl] Load quality profiles
2021.09.12 05:09:37 INFO  web[][o.s.s.q.RegisterQualityProfiles] Register quality profiles
2021.09.12 05:09:37 INFO  web[][o.s.s.q.RegisterQualityProfiles] Register profile css/Sonar way
2021.09.12 05:09:38 INFO  web[][o.s.s.q.RegisterQualityProfiles] Register profile scala/Sonar way
2021.09.12 05:09:38 INFO  web[][o.s.s.q.RegisterQualityProfiles] Register profile jsp/Sonar way
2021.09.12 05:09:38 INFO  web[][o.s.s.q.RegisterQualityProfiles] Register profile kotlin/Sonar way
2021.09.12 05:09:38 INFO  web[][o.s.s.q.RegisterQualityProfiles] Register profile go/Sonar way
2021.09.12 05:09:38 INFO  web[][o.s.s.q.RegisterQualityProfiles] Register profile js/Sonar way
2021.09.12 05:09:38 INFO  web[][o.s.s.q.RegisterQualityProfiles] Register profile py/Sonar way
2021.09.12 05:09:39 INFO  web[][o.s.s.q.RegisterQualityProfiles] Register profile ruby/Sonar way
2021.09.12 05:09:39 INFO  web[][o.s.s.q.RegisterQualityProfiles] Register profile cs/Sonar way
2021.09.12 05:09:39 INFO  web[][o.s.s.q.RegisterQualityProfiles] Register profile java/Sonar way
2021.09.12 05:09:40 INFO  web[][o.s.s.q.RegisterQualityProfiles] Register profile web/Sonar way
2021.09.12 05:09:40 INFO  web[][o.s.s.q.RegisterQualityProfiles] Register profile flex/Sonar way
2021.09.12 05:09:40 INFO  web[][o.s.s.q.RegisterQualityProfiles] Register profile xml/Sonar way
2021.09.12 05:09:40 INFO  web[][o.s.s.q.RegisterQualityProfiles] Register profile php/Sonar way
2021.09.12 05:09:41 INFO  web[][o.s.s.q.RegisterQualityProfiles] Register profile php/PSR-2
2021.09.12 05:09:41 INFO  web[][o.s.s.q.RegisterQualityProfiles] Register profile php/Drupal
2021.09.12 05:09:41 INFO  web[][o.s.s.q.RegisterQualityProfiles] Register profile vbnet/Sonar way
2021.09.12 05:09:41 INFO  web[][o.s.s.q.RegisterQualityProfiles] Register profile ts/Sonar way
2021.09.12 05:09:41 INFO  web[][o.s.s.s.RegisterPermissionTemplates] Register permission templates
2021.09.12 05:09:41 INFO  web[][o.s.s.s.RenameDeprecatedPropertyKeys] Rename deprecated property keys
2021.09.12 05:09:41 INFO  web[][o.s.s.p.w.MasterServletFilter] Initializing servlet filter org.sonar.server.platform.web.SonarLintConnectionFilter@7fdf79a [pattern=UrlPattern{inclusions=[/api/*], exclusions=[]}]
2021.09.12 05:09:41 INFO  web[][o.s.s.p.w.MasterServletFilter] Initializing servlet filter org.sonar.server.platform.web.WebServiceFilter@176a55cf [pattern=UrlPattern{inclusions=[/api/issues/delete_comment.*, ...], exclusions=[/api/authentication/login.*, ...]}]
2021.09.12 05:09:41 INFO  web[][o.s.s.p.w.MasterServletFilter] Initializing servlet filter org.sonar.server.platform.web.WebServiceReroutingFilter@2034a165 [pattern=UrlPattern{inclusions=[/api/components/bulk_update_key, ...], exclusions=[]}]
2021.09.12 05:09:41 INFO  web[][o.s.s.p.w.MasterServletFilter] Initializing servlet filter org.sonar.server.plugins.PluginsRiskConsentFilter@48dd73cd [pattern=UrlPattern{inclusions=[/*], exclusions=[*.css, ...]}]
2021.09.12 05:09:41 INFO  web[][o.s.s.p.w.MasterServletFilter] Initializing servlet filter org.sonar.server.authentication.DefaultAdminCredentialsVerifierFilter@26955ee6 [pattern=UrlPattern{inclusions=[/*], exclusions=[*.css, ...]}]
2021.09.12 05:09:41 INFO  web[][o.s.s.p.w.MasterServletFilter] Initializing servlet filter org.sonar.server.authentication.InitFilter@5fbcd5e1 [pattern=UrlPattern{inclusions=[/sessions/init/*], exclusions=[]}]
2021.09.12 05:09:41 INFO  web[][o.s.s.p.w.MasterServletFilter] Initializing servlet filter org.sonar.server.authentication.OAuth2CallbackFilter@5652199a [pattern=UrlPattern{inclusions=[/oauth2/callback/*], exclusions=[]}]
2021.09.12 05:09:41 INFO  web[][o.s.s.p.w.MasterServletFilter] Initializing servlet filter org.sonar.server.authentication.ResetPasswordFilter@1e0f5f2 [pattern=UrlPattern{inclusions=[/*], exclusions=[*.css, ...]}]
2021.09.12 05:09:41 INFO  web[][o.s.s.p.w.MasterServletFilter] Initializing servlet filter org.sonar.server.authentication.ws.LoginAction@3ccc05b [pattern=UrlPattern{inclusions=[/api/authentication/login], exclusions=[]}]
2021.09.12 05:09:41 INFO  web[][o.s.s.p.w.MasterServletFilter] Initializing servlet filter org.sonar.server.authentication.ws.LogoutAction@32112fc2 [pattern=UrlPattern{inclusions=[/api/authentication/logout], exclusions=[]}]
2021.09.12 05:09:41 INFO  web[][o.s.s.p.w.MasterServletFilter] Initializing servlet filter org.sonar.server.authentication.ws.ValidateAction@7df0f260 [pattern=UrlPattern{inclusions=[/api/authentication/validate], exclusions=[]}]
2021.09.12 05:09:41 INFO  web[][o.s.s.e.IndexerStartupTask] Indexing of type [users/user]...
2021.09.12 05:09:42 INFO  web[][o.s.s.e.IndexerStartupTask] Indexing of type [users/user] done | time=644ms
2021.09.12 05:09:42 INFO  web[][o.s.s.e.IndexerStartupTask] Indexing of type [components/auth/component]...
2021.09.12 05:09:42 INFO  web[][o.s.s.e.IndexerStartupTask] Indexing of type [components/auth/component] done | time=276ms
2021.09.12 05:09:42 INFO  web[][o.s.s.e.IndexerStartupTask] Indexing of type [views/view]...
2021.09.12 05:09:43 INFO  web[][o.s.s.e.IndexerStartupTask] Indexing of type [views/view] done | time=427ms
2021.09.12 05:09:43 INFO  web[][o.s.s.e.IndexerStartupTask] Trigger asynchronous indexing of type [issues/auth/issue]...
2021.09.12 05:09:43 INFO  web[][o.s.s.i.i.AsyncIssueIndexingImpl] 0 pending indexation task found to be deleted...
2021.09.12 05:09:43 INFO  web[][o.s.s.i.i.AsyncIssueIndexingImpl] 0 completed indexation task found to be deleted...
2021.09.12 05:09:43 INFO  web[][o.s.s.i.i.AsyncIssueIndexingImpl] Indexation task deletion complete.
2021.09.12 05:09:43 INFO  web[][o.s.s.i.i.AsyncIssueIndexingImpl] Deleting tasks characteristics...
2021.09.12 05:09:43 INFO  web[][o.s.s.i.i.AsyncIssueIndexingImpl] Tasks characteristics deletion complete.
2021.09.12 05:09:43 INFO  web[][o.s.s.i.i.AsyncIssueIndexingImpl] 0 branch found in need of issue sync.
2021.09.12 05:09:43 INFO  web[][o.s.s.e.IndexerStartupTask] Trigger asynchronous indexing of type [issues/auth/issue] done | time=159ms
2021.09.12 05:09:43 INFO  web[][o.s.s.e.IndexerStartupTask] Indexing of types [components/auth],[projectmeasures/auth],[issues/auth]...
2021.09.12 05:09:43 INFO  web[][o.s.s.e.IndexerStartupTask] Indexing of types [components/auth],[projectmeasures/auth],[issues/auth] done | time=428ms
2021.09.12 05:09:43 INFO  web[][o.s.s.e.IndexerStartupTask] Indexing of type [projectmeasures/auth/projectmeasure]...
2021.09.12 05:09:44 INFO  web[][o.s.s.e.IndexerStartupTask] Indexing of type [projectmeasures/auth/projectmeasure] done | time=208ms
2021.09.12 05:09:44 INFO  web[][o.s.s.q.ProjectsInWarningDaemon] Counting number of projects in warning is enabled.
2021.09.12 05:09:44 INFO  web[][o.s.s.p.p.PlatformLevelStartup] Running Community Edition
2021.09.12 05:09:44 INFO  web[][o.s.s.p.Platform] WebServer is operational
2021.09.12 05:09:44 INFO  web[][o.s.s.q.ProjectsInWarningDaemon] Counting number of projects in warning will be disabled as there are no more projects in warning.
2021.09.12 05:10:27 INFO  web[][o.s.p.ProcessEntryPoint] Gracefully stopping process
2021.09.12 05:10:27 INFO  web[][o.s.s.n.NotificationDaemon] Notification service stopped
2021.09.12 05:10:27 INFO  web[][o.s.s.app.WebServer] WebServer stopped
2021.09.12 05:11:03 INFO  web[][o.s.p.ProcessEntryPoint] Starting web
2021.09.12 05:11:04 INFO  web[][o.a.t.u.n.NioSelectorPool] Using a shared selector for servlet write/read
2021.09.12 05:11:05 INFO  web[][o.s.s.e.EsClientProvider] Connected to local Elasticsearch: [http://localhost:9001]
2021.09.12 05:11:05 INFO  web[][o.s.s.p.LogServerVersion] SonarQube Server / 9.0.1.46107 / d32acdb9a65112f50702ab8f09521c7ebe80ead0
2021.09.12 05:11:05 INFO  web[][o.sonar.db.Database] Create JDBC data source for jdbc:postgresql://db:5432/sonar
2021.09.12 05:11:07 INFO  web[][o.s.s.p.ServerFileSystemImpl] SonarQube home: /opt/sonarqube
2021.09.12 05:11:07 INFO  web[][o.s.s.u.SystemPasscodeImpl] System authentication by passcode is disabled
2021.09.12 05:11:07 INFO  web[][o.s.s.p.ServerPluginManager] Deploy plugin C# Code Quality and Security / 8.25.0.33663 / b0179674e9c2f72aae6c02a9a432a7b16b9dfef9
2021.09.12 05:11:07 INFO  web[][o.s.s.p.ServerPluginManager] Deploy plugin CSS Code Quality and Security / 1.4.2.2002 / faa7d4f1407df67df7ada53caf677ab783721173
2021.09.12 05:11:07 INFO  web[][o.s.s.p.ServerPluginManager] Deploy plugin Flex Code Quality and Security / 2.6.2.2641 / 11f07506915923b3a0e39e4e34280644c035b925
2021.09.12 05:11:07 INFO  web[][o.s.s.p.ServerPluginManager] Deploy plugin Go Code Quality and Security / 1.8.3.2219 / d6ad7a5a47fc4785d2e80918fb7424be46e38a7f
2021.09.12 05:11:07 INFO  web[][o.s.s.p.ServerPluginManager] Deploy plugin HTML Code Quality and Security / 3.4.0.2754 / 38f7ff864ae15152c9f1efc3014594f7e7ca7b6e
2021.09.12 05:11:07 INFO  web[][o.s.s.p.ServerPluginManager] Deploy plugin JaCoCo / 1.1.1.1157 / 83478572b9f23efac29de15e30c7758bbb0c0e47
2021.09.12 05:11:07 INFO  web[][o.s.s.p.ServerPluginManager] Deploy plugin Java Code Quality and Security / 7.1.0.26670 / 443133205a173cc74f55c04cc3d5d8a25644538c
2021.09.12 05:11:07 INFO  web[][o.s.s.p.ServerPluginManager] Deploy plugin JavaScript/TypeScript Code Quality and Security / 8.1.0.15788 / 5f6b8aa5acbb10db6a8852860755314fb1532449
2021.09.12 05:11:07 INFO  web[][o.s.s.p.ServerPluginManager] Deploy plugin Kotlin Code Quality and Security / 2.0.1.110 / 484b3faa8cbcada38d017045d7faf5438e0b5395
2021.09.12 05:11:07 INFO  web[][o.s.s.p.ServerPluginManager] Deploy plugin PHP Code Quality and Security / 3.17.0.7439 / 44c7760147080c157fa0ff579772f92d3c8e1ebf
2021.09.12 05:11:07 INFO  web[][o.s.s.p.ServerPluginManager] Deploy plugin Python Code Quality and Security / 3.5.0.8244 / 7992d2ad600835c9c1a3533f2ede108288e1a1e5
2021.09.12 05:11:07 INFO  web[][o.s.s.p.ServerPluginManager] Deploy plugin Ruby Code Quality and Security / 1.8.3.2219 / d6ad7a5a47fc4785d2e80918fb7424be46e38a7f
2021.09.12 05:11:07 INFO  web[][o.s.s.p.ServerPluginManager] Deploy plugin Scala Code Quality and Security / 1.8.3.2219 / d6ad7a5a47fc4785d2e80918fb7424be46e38a7f
2021.09.12 05:11:07 INFO  web[][o.s.s.p.ServerPluginManager] Deploy plugin VB.NET Code Quality and Security / 8.25.0.33663 / b0179674e9c2f72aae6c02a9a432a7b16b9dfef9
2021.09.12 05:11:07 INFO  web[][o.s.s.p.ServerPluginManager] Deploy plugin XML Code Quality and Security / 2.2.0.2973 / 16002945f0725643a7b42f090572795dd8b72a0f
2021.09.12 05:11:33 INFO  web[][o.s.s.p.d.m.c.PostgresCharsetHandler] Verify that database charset supports UTF8
2021.09.12 05:11:33 INFO  web[][o.s.s.p.w.MasterServletFilter] Initializing servlet filter org.sonar.server.platform.web.WebServiceFilter@3f49039e [pattern=UrlPattern{inclusions=[/api/system/migrate_db.*, ...], exclusions=[/api/components/update_key, ...]}]
2021.09.12 05:11:33 INFO  web[][o.s.s.a.EmbeddedTomcat] HTTP connector enabled on port 9000
2021.09.12 05:11:34 INFO  web[][o.s.s.p.UpdateCenterClient] Update center: https://update.sonarsource.org/update-center.properties (no proxy)
2021.09.12 05:11:35 INFO  web[][o.s.s.s.LogServerId] Server ID: 243B8A4D-AXvYaMFvr_SCI6zfmzGI
2021.09.12 05:11:35 WARN  web[][o.s.s.a.LogOAuthWarning] For security reasons, OAuth authentication should use HTTPS. You should set the property 'Administration > Configuration > Server base URL' to a HTTPS URL.
2021.09.12 05:11:35 WARN  web[][o.s.a.s.w.WebService$Action] The response example is not set on action api/plugins/download
2021.09.12 05:11:35 WARN  web[][o.s.a.s.w.WebService$Action] The response example is not set on action api/permissions/search_templates
2021.09.12 05:11:35 WARN  web[][o.s.a.s.w.WebService$Action] The response example is not set on action api/alm_integrations/list_bitbucketserver_projects
2021.09.12 05:11:35 WARN  web[][o.s.a.s.w.WebService$Action] The response example is not set on action api/alm_integrations/search_bitbucketcloud_repos
2021.09.12 05:11:35 WARN  web[][o.s.a.s.w.WebService$Action] The response example is not set on action api/alm_integrations/check_pat
2021.09.12 05:11:35 WARN  web[][o.s.a.s.w.WebService$Action] The response example is not set on action api/alm_integrations/list_azure_projects
2021.09.12 05:11:35 WARN  web[][o.s.a.s.w.WebService$Action] The response example is not set on action api/alm_integrations/search_bitbucketserver_repos
2021.09.12 05:11:35 WARN  web[][o.s.a.s.w.WebService$Action] The response example is not set on action api/alm_integrations/search_azure_repos
2021.09.12 05:11:35 WARN  web[][o.s.a.s.w.WebService$Action] The response example is not set on action api/alm_integrations/list_github_organizations
2021.09.12 05:11:35 WARN  web[][o.s.a.s.w.WebService$Action] The response example is not set on action api/alm_integrations/list_github_repositories
2021.09.12 05:11:35 WARN  web[][o.s.a.s.w.WebService$Action] The response example is not set on action api/alm_integrations/get_github_client_id
2021.09.12 05:11:35 WARN  web[][o.s.a.s.w.WebService$Action] The response example is not set on action api/alm_settings/get_binding
2021.09.12 05:11:35 WARN  web[][o.s.a.s.w.WebService$Action] The response example is not set on action api/alm_settings/list
2021.09.12 05:11:35 WARN  web[][o.s.a.s.w.WebService$Action] The response example is not set on action api/alm_settings/list_definitions
2021.09.12 05:11:35 WARN  web[][o.s.a.s.w.WebService$Action] The response example is not set on action api/alm_settings/count_binding
2021.09.12 05:11:35 WARN  web[][o.s.a.s.w.WebService$Action] The response example is not set on action api/alm_settings/validate
2021.09.12 05:11:35 INFO  web[][o.s.s.t.TelemetryDaemon] Sharing of SonarQube statistics is enabled.
2021.09.12 05:11:36 INFO  web[][o.s.s.n.NotificationDaemon] Notification service started (delay 60 sec.)
2021.09.12 05:11:36 INFO  web[][o.s.s.s.GeneratePluginIndex] Generate scanner plugin index
2021.09.12 05:11:36 INFO  web[][o.s.s.s.RegisterPlugins] Register plugins
2021.09.12 05:11:36 INFO  web[][o.s.s.s.RegisterMetrics] Register metrics
2021.09.12 05:11:36 INFO  web[][o.s.s.r.RegisterRules] Register rules
2021.09.12 05:11:42 INFO  web[][o.s.s.q.BuiltInQProfileRepositoryImpl] Load quality profiles
2021.09.12 05:11:42 INFO  web[][o.s.s.q.RegisterQualityProfiles] Register quality profiles
2021.09.12 05:11:42 INFO  web[][o.s.s.q.RegisterQualityProfiles] Update profile css/Sonar way
2021.09.12 05:11:42 INFO  web[][o.s.s.q.RegisterQualityProfiles] Update profile scala/Sonar way
2021.09.12 05:11:42 INFO  web[][o.s.s.q.RegisterQualityProfiles] Update profile jsp/Sonar way
2021.09.12 05:11:42 INFO  web[][o.s.s.q.RegisterQualityProfiles] Update profile kotlin/Sonar way
2021.09.12 05:11:42 INFO  web[][o.s.s.q.RegisterQualityProfiles] Update profile go/Sonar way
2021.09.12 05:11:42 INFO  web[][o.s.s.q.RegisterQualityProfiles] Update profile js/Sonar way
2021.09.12 05:11:42 INFO  web[][o.s.s.q.RegisterQualityProfiles] Update profile py/Sonar way
2021.09.12 05:11:42 INFO  web[][o.s.s.q.RegisterQualityProfiles] Update profile ruby/Sonar way
2021.09.12 05:11:42 INFO  web[][o.s.s.q.RegisterQualityProfiles] Update profile cs/Sonar way
2021.09.12 05:11:42 INFO  web[][o.s.s.q.RegisterQualityProfiles] Update profile java/Sonar way
2021.09.12 05:11:42 INFO  web[][o.s.s.q.RegisterQualityProfiles] Update profile web/Sonar way
2021.09.12 05:11:43 INFO  web[][o.s.s.q.RegisterQualityProfiles] Update profile flex/Sonar way
2021.09.12 05:11:43 INFO  web[][o.s.s.q.RegisterQualityProfiles] Update profile xml/Sonar way
2021.09.12 05:11:43 INFO  web[][o.s.s.q.RegisterQualityProfiles] Update profile php/Sonar way
2021.09.12 05:11:43 INFO  web[][o.s.s.q.RegisterQualityProfiles] Update profile php/PSR-2
2021.09.12 05:11:43 INFO  web[][o.s.s.q.RegisterQualityProfiles] Update profile php/Drupal
2021.09.12 05:11:43 INFO  web[][o.s.s.q.RegisterQualityProfiles] Update profile vbnet/Sonar way
2021.09.12 05:11:43 INFO  web[][o.s.s.q.RegisterQualityProfiles] Update profile ts/Sonar way
2021.09.12 05:11:43 INFO  web[][o.s.s.s.RegisterPermissionTemplates] Register permission templates
2021.09.12 05:11:43 INFO  web[][o.s.s.s.RenameDeprecatedPropertyKeys] Rename deprecated property keys
2021.09.12 05:11:43 INFO  web[][o.s.s.p.w.MasterServletFilter] Initializing servlet filter org.sonar.server.platform.web.SonarLintConnectionFilter@2f7a806e [pattern=UrlPattern{inclusions=[/api/*], exclusions=[]}]
2021.09.12 05:11:43 INFO  web[][o.s.s.p.w.MasterServletFilter] Initializing servlet filter org.sonar.server.platform.web.WebServiceFilter@fcdc37b [pattern=UrlPattern{inclusions=[/api/issues/delete_comment.*, ...], exclusions=[/api/authentication/login.*, ...]}]
2021.09.12 05:11:43 INFO  web[][o.s.s.p.w.MasterServletFilter] Initializing servlet filter org.sonar.server.platform.web.WebServiceReroutingFilter@2981c742 [pattern=UrlPattern{inclusions=[/api/components/bulk_update_key, ...], exclusions=[]}]
2021.09.12 05:11:43 INFO  web[][o.s.s.p.w.MasterServletFilter] Initializing servlet filter org.sonar.server.plugins.PluginsRiskConsentFilter@1af20829 [pattern=UrlPattern{inclusions=[/*], exclusions=[*.css, ...]}]
2021.09.12 05:11:43 INFO  web[][o.s.s.p.w.MasterServletFilter] Initializing servlet filter org.sonar.server.authentication.DefaultAdminCredentialsVerifierFilter@2b29c43d [pattern=UrlPattern{inclusions=[/*], exclusions=[*.css, ...]}]
2021.09.12 05:11:43 INFO  web[][o.s.s.p.w.MasterServletFilter] Initializing servlet filter org.sonar.server.authentication.InitFilter@69ffba92 [pattern=UrlPattern{inclusions=[/sessions/init/*], exclusions=[]}]
2021.09.12 05:11:43 INFO  web[][o.s.s.p.w.MasterServletFilter] Initializing servlet filter org.sonar.server.authentication.OAuth2CallbackFilter@13dc8188 [pattern=UrlPattern{inclusions=[/oauth2/callback/*], exclusions=[]}]
2021.09.12 05:11:43 INFO  web[][o.s.s.p.w.MasterServletFilter] Initializing servlet filter org.sonar.server.authentication.ResetPasswordFilter@f166ba3 [pattern=UrlPattern{inclusions=[/*], exclusions=[*.css, ...]}]
2021.09.12 05:11:43 INFO  web[][o.s.s.p.w.MasterServletFilter] Initializing servlet filter org.sonar.server.authentication.ws.LoginAction@241de429 [pattern=UrlPattern{inclusions=[/api/authentication/login], exclusions=[]}]
2021.09.12 05:11:43 INFO  web[][o.s.s.p.w.MasterServletFilter] Initializing servlet filter org.sonar.server.authentication.ws.LogoutAction@4132696c [pattern=UrlPattern{inclusions=[/api/authentication/logout], exclusions=[]}]
2021.09.12 05:11:43 INFO  web[][o.s.s.p.w.MasterServletFilter] Initializing servlet filter org.sonar.server.authentication.ws.ValidateAction@5a63fe36 [pattern=UrlPattern{inclusions=[/api/authentication/validate], exclusions=[]}]
2021.09.12 05:11:43 INFO  web[][o.s.s.q.ProjectsInWarningDaemon] Counting number of projects in warning is not started as there are no projects in this situation.
2021.09.12 05:11:43 INFO  web[][o.s.s.p.p.PlatformLevelStartup] Running Community Edition
2021.09.12 05:11:43 INFO  web[][o.s.s.p.Platform] WebServer is operational
2021.09.12 07:29:30 INFO  web[][o.s.p.ProcessEntryPoint] Gracefully stopping process
2021.09.12 07:29:30 INFO  web[][o.s.s.n.NotificationDaemon] Notification service stopped
2021.09.12 07:29:31 INFO  web[][o.s.s.app.WebServer] WebServer stopped
2021.09.12 07:30:15 INFO  web[][o.s.p.ProcessEntryPoint] Starting web
2021.09.12 07:30:16 INFO  web[][o.a.t.u.n.NioSelectorPool] Using a shared selector for servlet write/read
2021.09.12 07:30:16 INFO  web[][o.s.s.e.EsClientProvider] Connected to local Elasticsearch: [http://localhost:9001]
2021.09.12 07:30:17 INFO  web[][o.s.s.p.LogServerVersion] SonarQube Server / 9.0.1.46107 / d32acdb9a65112f50702ab8f09521c7ebe80ead0
2021.09.12 07:30:17 INFO  web[][o.sonar.db.Database] Create JDBC data source for jdbc:postgresql://db:5432/sonar
2021.09.12 07:30:18 INFO  web[][o.s.s.p.ServerFileSystemImpl] SonarQube home: /opt/sonarqube
2021.09.12 07:30:18 INFO  web[][o.s.s.u.SystemPasscodeImpl] System authentication by passcode is disabled
2021.09.12 07:30:18 INFO  web[][o.s.s.p.ServerPluginManager] Deploy plugin C# Code Quality and Security / 8.25.0.33663 / b0179674e9c2f72aae6c02a9a432a7b16b9dfef9
2021.09.12 07:30:18 INFO  web[][o.s.s.p.ServerPluginManager] Deploy plugin CSS Code Quality and Security / 1.4.2.2002 / faa7d4f1407df67df7ada53caf677ab783721173
2021.09.12 07:30:18 INFO  web[][o.s.s.p.ServerPluginManager] Deploy plugin Flex Code Quality and Security / 2.6.2.2641 / 11f07506915923b3a0e39e4e34280644c035b925
2021.09.12 07:30:18 INFO  web[][o.s.s.p.ServerPluginManager] Deploy plugin Go Code Quality and Security / 1.8.3.2219 / d6ad7a5a47fc4785d2e80918fb7424be46e38a7f
2021.09.12 07:30:18 INFO  web[][o.s.s.p.ServerPluginManager] Deploy plugin HTML Code Quality and Security / 3.4.0.2754 / 38f7ff864ae15152c9f1efc3014594f7e7ca7b6e
2021.09.12 07:30:18 INFO  web[][o.s.s.p.ServerPluginManager] Deploy plugin JaCoCo / 1.1.1.1157 / 83478572b9f23efac29de15e30c7758bbb0c0e47
2021.09.12 07:30:18 INFO  web[][o.s.s.p.ServerPluginManager] Deploy plugin Java Code Quality and Security / 7.1.0.26670 / 443133205a173cc74f55c04cc3d5d8a25644538c
2021.09.12 07:30:18 INFO  web[][o.s.s.p.ServerPluginManager] Deploy plugin JavaScript/TypeScript Code Quality and Security / 8.1.0.15788 / 5f6b8aa5acbb10db6a8852860755314fb1532449
2021.09.12 07:30:18 INFO  web[][o.s.s.p.ServerPluginManager] Deploy plugin Kotlin Code Quality and Security / 2.0.1.110 / 484b3faa8cbcada38d017045d7faf5438e0b5395
2021.09.12 07:30:18 INFO  web[][o.s.s.p.ServerPluginManager] Deploy plugin PHP Code Quality and Security / 3.17.0.7439 / 44c7760147080c157fa0ff579772f92d3c8e1ebf
2021.09.12 07:30:18 INFO  web[][o.s.s.p.ServerPluginManager] Deploy plugin Python Code Quality and Security / 3.5.0.8244 / 7992d2ad600835c9c1a3533f2ede108288e1a1e5
2021.09.12 07:30:18 INFO  web[][o.s.s.p.ServerPluginManager] Deploy plugin Ruby Code Quality and Security / 1.8.3.2219 / d6ad7a5a47fc4785d2e80918fb7424be46e38a7f
2021.09.12 07:30:18 INFO  web[][o.s.s.p.ServerPluginManager] Deploy plugin Scala Code Quality and Security / 1.8.3.2219 / d6ad7a5a47fc4785d2e80918fb7424be46e38a7f
2021.09.12 07:30:18 INFO  web[][o.s.s.p.ServerPluginManager] Deploy plugin VB.NET Code Quality and Security / 8.25.0.33663 / b0179674e9c2f72aae6c02a9a432a7b16b9dfef9
2021.09.12 07:30:18 INFO  web[][o.s.s.p.ServerPluginManager] Deploy plugin XML Code Quality and Security / 2.2.0.2973 / 16002945f0725643a7b42f090572795dd8b72a0f
2021.09.12 07:30:48 INFO  web[][o.s.s.p.d.m.c.PostgresCharsetHandler] Verify that database charset supports UTF8
2021.09.12 07:30:48 INFO  web[][o.s.s.p.w.MasterServletFilter] Initializing servlet filter org.sonar.server.platform.web.WebServiceFilter@55ccd011 [pattern=UrlPattern{inclusions=[/api/system/migrate_db.*, ...], exclusions=[/api/components/update_key, ...]}]
2021.09.12 07:30:48 INFO  web[][o.s.s.a.EmbeddedTomcat] HTTP connector enabled on port 9000
2021.09.12 07:30:49 INFO  web[][o.s.s.p.UpdateCenterClient] Update center: https://update.sonarsource.org/update-center.properties (no proxy)
2021.09.12 07:30:51 INFO  web[][o.s.s.s.LogServerId] Server ID: 243B8A4D-AXvYaMFvr_SCI6zfmzGI
2021.09.12 07:30:51 WARN  web[][o.s.s.a.LogOAuthWarning] For security reasons, OAuth authentication should use HTTPS. You should set the property 'Administration > Configuration > Server base URL' to a HTTPS URL.
2021.09.12 07:30:51 WARN  web[][o.s.a.s.w.WebService$Action] The response example is not set on action api/plugins/download
2021.09.12 07:30:51 WARN  web[][o.s.a.s.w.WebService$Action] The response example is not set on action api/permissions/search_templates
2021.09.12 07:30:51 WARN  web[][o.s.a.s.w.WebService$Action] The response example is not set on action api/alm_integrations/list_bitbucketserver_projects
2021.09.12 07:30:51 WARN  web[][o.s.a.s.w.WebService$Action] The response example is not set on action api/alm_integrations/search_bitbucketcloud_repos
2021.09.12 07:30:51 WARN  web[][o.s.a.s.w.WebService$Action] The response example is not set on action api/alm_integrations/check_pat
2021.09.12 07:30:51 WARN  web[][o.s.a.s.w.WebService$Action] The response example is not set on action api/alm_integrations/list_azure_projects
2021.09.12 07:30:51 WARN  web[][o.s.a.s.w.WebService$Action] The response example is not set on action api/alm_integrations/search_bitbucketserver_repos
2021.09.12 07:30:51 WARN  web[][o.s.a.s.w.WebService$Action] The response example is not set on action api/alm_integrations/search_azure_repos
2021.09.12 07:30:51 WARN  web[][o.s.a.s.w.WebService$Action] The response example is not set on action api/alm_integrations/list_github_organizations
2021.09.12 07:30:51 WARN  web[][o.s.a.s.w.WebService$Action] The response example is not set on action api/alm_integrations/list_github_repositories
2021.09.12 07:30:51 WARN  web[][o.s.a.s.w.WebService$Action] The response example is not set on action api/alm_integrations/get_github_client_id
2021.09.12 07:30:51 WARN  web[][o.s.a.s.w.WebService$Action] The response example is not set on action api/alm_settings/get_binding
2021.09.12 07:30:51 WARN  web[][o.s.a.s.w.WebService$Action] The response example is not set on action api/alm_settings/list
2021.09.12 07:30:51 WARN  web[][o.s.a.s.w.WebService$Action] The response example is not set on action api/alm_settings/list_definitions
2021.09.12 07:30:51 WARN  web[][o.s.a.s.w.WebService$Action] The response example is not set on action api/alm_settings/count_binding
2021.09.12 07:30:51 WARN  web[][o.s.a.s.w.WebService$Action] The response example is not set on action api/alm_settings/validate
2021.09.12 07:30:51 INFO  web[][o.s.s.t.TelemetryDaemon] Sharing of SonarQube statistics is enabled.
2021.09.12 07:30:51 INFO  web[][o.s.s.n.NotificationDaemon] Notification service started (delay 60 sec.)
2021.09.12 07:30:51 INFO  web[][o.s.s.a.p.ExpiredSessionsCleaner] Purge of expired session tokens has removed 0 elements
2021.09.12 07:30:51 INFO  web[][o.s.s.a.p.ExpiredSessionsCleaner] Purge of expired SAML message ids has removed 0 elements
2021.09.12 07:30:51 INFO  web[][o.s.s.s.GeneratePluginIndex] Generate scanner plugin index
2021.09.12 07:30:51 INFO  web[][o.s.s.s.RegisterPlugins] Register plugins
2021.09.12 07:30:51 INFO  web[][o.s.s.s.RegisterMetrics] Register metrics
2021.09.12 07:30:51 INFO  web[][o.s.s.r.RegisterRules] Register rules
2021.09.12 07:30:58 INFO  web[][o.s.s.q.BuiltInQProfileRepositoryImpl] Load quality profiles
2021.09.12 07:30:58 INFO  web[][o.s.s.q.RegisterQualityProfiles] Register quality profiles
2021.09.12 07:30:58 INFO  web[][o.s.s.q.RegisterQualityProfiles] Update profile css/Sonar way
2021.09.12 07:30:58 INFO  web[][o.s.s.q.RegisterQualityProfiles] Update profile scala/Sonar way
2021.09.12 07:30:58 INFO  web[][o.s.s.q.RegisterQualityProfiles] Update profile jsp/Sonar way
2021.09.12 07:30:58 INFO  web[][o.s.s.q.RegisterQualityProfiles] Update profile kotlin/Sonar way
2021.09.12 07:30:58 INFO  web[][o.s.s.q.RegisterQualityProfiles] Update profile go/Sonar way
2021.09.12 07:30:58 INFO  web[][o.s.s.q.RegisterQualityProfiles] Update profile js/Sonar way
2021.09.12 07:30:58 INFO  web[][o.s.s.q.RegisterQualityProfiles] Update profile py/Sonar way
2021.09.12 07:30:58 INFO  web[][o.s.s.q.RegisterQualityProfiles] Update profile ruby/Sonar way
2021.09.12 07:30:58 INFO  web[][o.s.s.q.RegisterQualityProfiles] Update profile cs/Sonar way
2021.09.12 07:30:58 INFO  web[][o.s.s.q.RegisterQualityProfiles] Update profile java/Sonar way
2021.09.12 07:30:59 INFO  web[][o.s.s.q.RegisterQualityProfiles] Update profile web/Sonar way
2021.09.12 07:30:59 INFO  web[][o.s.s.q.RegisterQualityProfiles] Update profile flex/Sonar way
2021.09.12 07:30:59 INFO  web[][o.s.s.q.RegisterQualityProfiles] Update profile xml/Sonar way
2021.09.12 07:30:59 INFO  web[][o.s.s.q.RegisterQualityProfiles] Update profile php/Sonar way
2021.09.12 07:30:59 INFO  web[][o.s.s.q.RegisterQualityProfiles] Update profile php/PSR-2
2021.09.12 07:30:59 INFO  web[][o.s.s.q.RegisterQualityProfiles] Update profile php/Drupal
2021.09.12 07:30:59 INFO  web[][o.s.s.q.RegisterQualityProfiles] Update profile vbnet/Sonar way
2021.09.12 07:30:59 INFO  web[][o.s.s.q.RegisterQualityProfiles] Update profile ts/Sonar way
2021.09.12 07:30:59 INFO  web[][o.s.s.s.RegisterPermissionTemplates] Register permission templates
2021.09.12 07:30:59 INFO  web[][o.s.s.s.RenameDeprecatedPropertyKeys] Rename deprecated property keys
2021.09.12 07:30:59 INFO  web[][o.s.s.p.w.MasterServletFilter] Initializing servlet filter org.sonar.server.platform.web.SonarLintConnectionFilter@4cab7d18 [pattern=UrlPattern{inclusions=[/api/*], exclusions=[]}]
2021.09.12 07:30:59 INFO  web[][o.s.s.p.w.MasterServletFilter] Initializing servlet filter org.sonar.server.platform.web.WebServiceFilter@2e0981cf [pattern=UrlPattern{inclusions=[/api/issues/delete_comment.*, ...], exclusions=[/api/authentication/login.*, ...]}]
2021.09.12 07:30:59 INFO  web[][o.s.s.p.w.MasterServletFilter] Initializing servlet filter org.sonar.server.platform.web.WebServiceReroutingFilter@3abfe909 [pattern=UrlPattern{inclusions=[/api/components/bulk_update_key, ...], exclusions=[]}]
2021.09.12 07:30:59 INFO  web[][o.s.s.p.w.MasterServletFilter] Initializing servlet filter org.sonar.server.plugins.PluginsRiskConsentFilter@506e9773 [pattern=UrlPattern{inclusions=[/*], exclusions=[*.css, ...]}]
2021.09.12 07:30:59 INFO  web[][o.s.s.p.w.MasterServletFilter] Initializing servlet filter org.sonar.server.authentication.DefaultAdminCredentialsVerifierFilter@6f48a3ab [pattern=UrlPattern{inclusions=[/*], exclusions=[*.css, ...]}]
2021.09.12 07:30:59 INFO  web[][o.s.s.p.w.MasterServletFilter] Initializing servlet filter org.sonar.server.authentication.InitFilter@68dbc6e8 [pattern=UrlPattern{inclusions=[/sessions/init/*], exclusions=[]}]
2021.09.12 07:30:59 INFO  web[][o.s.s.p.w.MasterServletFilter] Initializing servlet filter org.sonar.server.authentication.OAuth2CallbackFilter@e85c7c7 [pattern=UrlPattern{inclusions=[/oauth2/callback/*], exclusions=[]}]
2021.09.12 07:30:59 INFO  web[][o.s.s.p.w.MasterServletFilter] Initializing servlet filter org.sonar.server.authentication.ResetPasswordFilter@21580c5c [pattern=UrlPattern{inclusions=[/*], exclusions=[*.css, ...]}]
2021.09.12 07:30:59 INFO  web[][o.s.s.p.w.MasterServletFilter] Initializing servlet filter org.sonar.server.authentication.ws.LoginAction@6fdf26ea [pattern=UrlPattern{inclusions=[/api/authentication/login], exclusions=[]}]
2021.09.12 07:30:59 INFO  web[][o.s.s.p.w.MasterServletFilter] Initializing servlet filter org.sonar.server.authentication.ws.LogoutAction@10380d68 [pattern=UrlPattern{inclusions=[/api/authentication/logout], exclusions=[]}]
2021.09.12 07:30:59 INFO  web[][o.s.s.p.w.MasterServletFilter] Initializing servlet filter org.sonar.server.authentication.ws.ValidateAction@382ce2f [pattern=UrlPattern{inclusions=[/api/authentication/validate], exclusions=[]}]
2021.09.12 07:30:59 INFO  web[][o.s.s.q.ProjectsInWarningDaemon] Counting number of projects in warning is not started as there are no projects in this situation.
2021.09.12 07:30:59 INFO  web[][o.s.s.p.p.PlatformLevelStartup] Running Community Edition
2021.09.12 07:30:59 INFO  web[][o.s.s.p.Platform] WebServer is operational
